<?xml version="1.0" encoding="UTF-8"?>
<!-- Generated by org.testng.reporters.JUnitReportReporter -->
<testsuite hostname="Akshay" failures="0" tests="2" name="rahulshettyacademy.tests.ErrorValidationTest" time="9.413" errors="0" timestamp="2024-04-04T22:56:31 IST" skipped="0">
  <testcase classname="rahulshettyacademy.tests.ErrorValidationTest" name="LoginErrorValidation" time="1.565"/>
  <testcase classname="rahulshettyacademy.tests.ErrorValidationTest" name="ProductErrorValidation" time="7.848"/>
</testsuite> <!-- rahulshettyacademy.tests.ErrorValidationTest -->
